<?xml version="1.0" encoding="UTF-8"?>
<!-- Generated by org.testng.reporters.JUnitXMLReporter -->
<testsuite ignored="2" hostname="DESKTOP-888RT47" failures="0" tests="1" name="Default test" time="8.896" errors="0" timestamp="2025-09-20T10:51:14 IST">
  <testcase classname="testing.com.ATF.RegistrationTest" name="verifyRegistration" time="5.887"/>
  <testcase classname="testing.com.ATF.RegistrationTest" name="verifyRegistrationWithInvalidData" time="0.0">
    <ignored/>
  </testcase> <!-- verifyRegistrationWithInvalidData -->
  <testcase classname="testing.com.ATF.RegistrationTest" name="verifyRegistrationWithBlankData" time="0.0">
    <ignored/>
  </testcase> <!-- verifyRegistrationWithBlankData -->
</testsuite> <!-- Default test -->
