<?xml version="1.0" encoding="UTF-8"?>
<!-- Generated by org.testng.reporters.JUnitXMLReporter -->
<testsuite ignored="0" hostname="DESKTOP-888RT47" failures="0" tests="3" name="Test" time="20.171" errors="0" timestamp="2025-09-17T07:52:45 IST">
  <testcase classname="testing.com.ATF.LoginTest" name="Login" time="1.518"/>
  <testcase classname="testing.com.ATF.RegistrationTest" name="verifyRegistration" time="5.141"/>
  <testcase classname="testing.com.ATF.RegistrationTest" name="verifyRegistrationWithInvalidData" time="3.879"/>
</testsuite> <!-- Test -->
