<?xml version="1.0" encoding="UTF-8"?>
<testng-results ignored="0" total="1" passed="1" failed="0" skipped="0">
  <reporter-output>
  </reporter-output>
  <suite started-at="2025-09-12T07:40:23 IST" name="Surefire suite" finished-at="2025-09-12T07:40:23 IST" duration-ms="23">
    <groups>
    </groups>
    <test started-at="2025-09-12T07:40:23 IST" name="Surefire test" finished-at="2025-09-12T07:40:23 IST" duration-ms="23">
      <class name="testing.com.ATF.AppTest">
        <test-method signature="testApp()[pri:0, instance:testApp(testing.com.ATF.AppTest)]" started-at="2025-09-12T07:40:23 IST" name="testApp" finished-at="2025-09-12T07:40:23 IST" duration-ms="3" status="PASS">
          <reporter-output>
          </reporter-output>
        </test-method> <!-- testApp -->
      </class> <!-- testing.com.ATF.AppTest -->
    </test> <!-- Surefire test -->
  </suite> <!-- Surefire suite -->
</testng-results>
