<?xml version="1.0" encoding="UTF-8"?>
<testng-results ignored="2" total="3" passed="1" failed="0" skipped="0">
  <reporter-output>
  </reporter-output>
  <suite started-at="2025-09-20T10:51:05 IST" name="Default suite" finished-at="2025-09-20T10:51:14 IST" duration-ms="8896">
    <groups>
    </groups>
    <test started-at="2025-09-20T10:51:05 IST" name="Default test" finished-at="2025-09-20T10:51:14 IST" duration-ms="8896">
      <class name="testing.com.ATF.RegistrationTest">
        <test-method is-config="true" signature="launchBrowser()[pri:0, instance:testing.com.ATF.RegistrationTest@245b4bdc]" started-at="2025-09-20T10:51:05 IST" name="launchBrowser" finished-at="2025-09-20T10:51:08 IST" duration-ms="2975" status="PASS">
          <reporter-output>
          </reporter-output>
        </test-method> <!-- launchBrowser -->
        <test-method signature="verifyRegistration()[pri:0, instance:testing.com.ATF.RegistrationTest@245b4bdc]" started-at="2025-09-20T10:51:08 IST" name="verifyRegistration" finished-at="2025-09-20T10:51:14 IST" duration-ms="5887" status="PASS">
          <reporter-output>
          </reporter-output>
        </test-method> <!-- verifyRegistration -->
      </class> <!-- testing.com.ATF.RegistrationTest -->
    </test> <!-- Default test -->
  </suite> <!-- Default suite -->
</testng-results>
